1630303649770	geckodriver	INFO	Listening on 127.0.0.1:45423
1630303650849	mozrunner::runner	INFO	Running command: "/usr/bin/firefox" "--marionette" "-foreground" "-no-remote" "-profile" "/tmp/rust_mozprofileR2pvHR"
1630303652203	Marionette	INFO	Marionette enabled
console.warn: SearchSettings: "get: No settings file exists, new profile?" (new NotFoundError("Could not open the file at /tmp/rust_mozprofileR2pvHR/search.json.mozlz4", (void 0)))
1630303654969	Marionette	INFO	Listening on port 37229
1630303655007	RemoteAgent	WARN	TLS certificate errors will be ignored for this session
1630303658376	Marionette	INFO	Stopped listening on port 37229
JavaScript error: resource:///modules/Interactions.jsm, line 209: NS_ERROR_FAILURE: Component returned failure code: 0x80004005 (NS_ERROR_FAILURE) [nsIUserIdleService.removeIdleObserver]
1630303695303	geckodriver	INFO	Listening on 127.0.0.1:59617
1630303695308	mozrunner::runner	INFO	Running command: "/usr/bin/firefox" "--marionette" "-foreground" "-no-remote" "-profile" "/tmp/rust_mozprofile4y9zpg"
1630303696387	Marionette	INFO	Marionette enabled
console.warn: SearchSettings: "get: No settings file exists, new profile?" (new NotFoundError("Could not open the file at /tmp/rust_mozprofile4y9zpg/search.json.mozlz4", (void 0)))
1630303698079	Marionette	INFO	Listening on port 33061
1630303698163	RemoteAgent	WARN	TLS certificate errors will be ignored for this session
1630303698912	Marionette	INFO	Stopped listening on port 33061
JavaScript error: resource:///modules/Interactions.jsm, line 209: NS_ERROR_FAILURE: Component returned failure code: 0x80004005 (NS_ERROR_FAILURE) [nsIUserIdleService.removeIdleObserver]
console.error: services.settings: 
  main/partitioning-exempt-urls Signature failed  TypeError: NetworkError when attempting to fetch resource.
JavaScript error: , line 0: AbortError: A request was aborted, for example through a call to IDBTransaction.abort.

###!!! [Parent][RunMessage] Error: Channel closing: too late to send/recv, messages will be lost

1630303705828	geckodriver	INFO	Listening on 127.0.0.1:45281
1630303705833	mozrunner::runner	INFO	Running command: "/usr/bin/firefox" "--marionette" "-foreground" "-no-remote" "-profile" "/tmp/rust_mozprofilels0vax"
1630303706898	Marionette	INFO	Marionette enabled
console.warn: SearchSettings: "get: No settings file exists, new profile?" (new NotFoundError("Could not open the file at /tmp/rust_mozprofilels0vax/search.json.mozlz4", (void 0)))
1630303708411	Marionette	INFO	Listening on port 43919
1630303708519	RemoteAgent	WARN	TLS certificate errors will be ignored for this session
1630303718215	Marionette	INFO	Stopped listening on port 43919
JavaScript error: resource:///modules/Interactions.jsm, line 209: NS_ERROR_FAILURE: Component returned failure code: 0x80004005 (NS_ERROR_FAILURE) [nsIUserIdleService.removeIdleObserver]
1630303946377	geckodriver	INFO	Listening on 127.0.0.1:50677
1630303946384	mozrunner::runner	INFO	Running command: "/usr/bin/firefox" "--marionette" "-foreground" "-no-remote" "-profile" "/tmp/rust_mozprofilewEKIP4"
1630303947449	Marionette	INFO	Marionette enabled
console.warn: SearchSettings: "get: No settings file exists, new profile?" (new NotFoundError("Could not open the file at /tmp/rust_mozprofilewEKIP4/search.json.mozlz4", (void 0)))
1630303949086	Marionette	INFO	Listening on port 34911
1630303949140	RemoteAgent	WARN	TLS certificate errors will be ignored for this session
1630303955639	Marionette	INFO	Stopped listening on port 34911
JavaScript error: resource:///modules/Interactions.jsm, line 209: NS_ERROR_FAILURE: Component returned failure code: 0x80004005 (NS_ERROR_FAILURE) [nsIUserIdleService.removeIdleObserver]

###!!! [Parent][RunMessage] Error: Channel closing: too late to send/recv, messages will be lost

1630304050592	geckodriver	INFO	Listening on 127.0.0.1:56539
1630304050597	mozrunner::runner	INFO	Running command: "/usr/bin/firefox" "--marionette" "-foreground" "-no-remote" "-profile" "/tmp/rust_mozprofileMe87cc"
1630304051606	Marionette	INFO	Marionette enabled
console.warn: SearchSettings: "get: No settings file exists, new profile?" (new NotFoundError("Could not open the file at /tmp/rust_mozprofileMe87cc/search.json.mozlz4", (void 0)))
1630304053506	Marionette	INFO	Listening on port 35077
1630304053612	RemoteAgent	WARN	TLS certificate errors will be ignored for this session
1630304057434	Marionette	INFO	Stopped listening on port 35077
JavaScript error: resource:///modules/Interactions.jsm, line 209: NS_ERROR_FAILURE: Component returned failure code: 0x80004005 (NS_ERROR_FAILURE) [nsIUserIdleService.removeIdleObserver]

###!!! [Parent][RunMessage] Error: Channel closing: too late to send/recv, messages will be lost

1630304083548	geckodriver	INFO	Listening on 127.0.0.1:53773
1630304083553	mozrunner::runner	INFO	Running command: "/usr/bin/firefox" "--marionette" "-foreground" "-no-remote" "-profile" "/tmp/rust_mozprofilezqfIoA"
1630304084619	Marionette	INFO	Marionette enabled
console.warn: SearchSettings: "get: No settings file exists, new profile?" (new NotFoundError("Could not open the file at /tmp/rust_mozprofilezqfIoA/search.json.mozlz4", (void 0)))
1630304086298	Marionette	INFO	Listening on port 35809
1630304086403	RemoteAgent	WARN	TLS certificate errors will be ignored for this session
1630304092411	Marionette	INFO	Stopped listening on port 35809
JavaScript error: resource:///modules/Interactions.jsm, line 209: NS_ERROR_FAILURE: Component returned failure code: 0x80004005 (NS_ERROR_FAILURE) [nsIUserIdleService.removeIdleObserver]
1630304119933	geckodriver	INFO	Listening on 127.0.0.1:60957
1630304119943	mozrunner::runner	INFO	Running command: "/usr/bin/firefox" "--marionette" "-foreground" "-no-remote" "-profile" "/tmp/rust_mozprofilerRhk7N"
1630304121018	Marionette	INFO	Marionette enabled
console.warn: SearchSettings: "get: No settings file exists, new profile?" (new NotFoundError("Could not open the file at /tmp/rust_mozprofilerRhk7N/search.json.mozlz4", (void 0)))
1630304122644	Marionette	INFO	Listening on port 46661
1630304122744	RemoteAgent	WARN	TLS certificate errors will be ignored for this session
1630304125871	Marionette	INFO	Stopped listening on port 46661
JavaScript error: resource:///modules/Interactions.jsm, line 209: NS_ERROR_FAILURE: Component returned failure code: 0x80004005 (NS_ERROR_FAILURE) [nsIUserIdleService.removeIdleObserver]

###!!! [Parent][RunMessage] Error: Channel closing: too late to send/recv, messages will be lost

1630304267595	geckodriver	INFO	Listening on 127.0.0.1:59169
1630304267600	mozrunner::runner	INFO	Running command: "/usr/bin/firefox" "--marionette" "-foreground" "-no-remote" "-profile" "/tmp/rust_mozprofilec0hhgm"
1630304268738	Marionette	INFO	Marionette enabled
console.warn: SearchSettings: "get: No settings file exists, new profile?" (new NotFoundError("Could not open the file at /tmp/rust_mozprofilec0hhgm/search.json.mozlz4", (void 0)))
1630304270251	Marionette	INFO	Listening on port 39785
1630304270383	RemoteAgent	WARN	TLS certificate errors will be ignored for this session
1630304299422	geckodriver	INFO	Listening on 127.0.0.1:35777
1630304299427	mozrunner::runner	INFO	Running command: "/usr/bin/firefox" "--marionette" "-foreground" "-no-remote" "-profile" "/tmp/rust_mozprofileknKSEj"
1630304300743	Marionette	INFO	Marionette enabled
console.warn: SearchSettings: "get: No settings file exists, new profile?" (new NotFoundError("Could not open the file at /tmp/rust_mozprofileknKSEj/search.json.mozlz4", (void 0)))
1630304304145	Marionette	INFO	Listening on port 36245
1630304304205	RemoteAgent	WARN	TLS certificate errors will be ignored for this session
1630304307605	Marionette	INFO	Stopped listening on port 36245
JavaScript error: resource:///modules/Interactions.jsm, line 209: NS_ERROR_FAILURE: Component returned failure code: 0x80004005 (NS_ERROR_FAILURE) [nsIUserIdleService.removeIdleObserver]
1630304319631	geckodriver	INFO	Listening on 127.0.0.1:54795
1630304319641	mozrunner::runner	INFO	Running command: "/usr/bin/firefox" "--marionette" "-foreground" "-no-remote" "-profile" "/tmp/rust_mozprofilez78gTb"
1630304320933	Marionette	INFO	Marionette enabled
console.warn: SearchSettings: "get: No settings file exists, new profile?" (new NotFoundError("Could not open the file at /tmp/rust_mozprofilez78gTb/search.json.mozlz4", (void 0)))
1630304322489	Marionette	INFO	Listening on port 46661
1630304323358	RemoteAgent	WARN	TLS certificate errors will be ignored for this session
1630304327470	Marionette	INFO	Stopped listening on port 46661
JavaScript error: resource:///modules/Interactions.jsm, line 209: NS_ERROR_FAILURE: Component returned failure code: 0x80004005 (NS_ERROR_FAILURE) [nsIUserIdleService.removeIdleObserver]

###!!! [Parent][RunMessage] Error: Channel closing: too late to send/recv, messages will be lost

1630304337078	geckodriver	INFO	Listening on 127.0.0.1:55019
1630304337082	mozrunner::runner	INFO	Running command: "/usr/bin/firefox" "--marionette" "-foreground" "-no-remote" "-profile" "/tmp/rust_mozprofile7QR2Nq"
1630304338161	Marionette	INFO	Marionette enabled
console.warn: SearchSettings: "get: No settings file exists, new profile?" (new NotFoundError("Could not open the file at /tmp/rust_mozprofile7QR2Nq/search.json.mozlz4", (void 0)))
1630304339746	Marionette	INFO	Listening on port 33077
1630304340102	RemoteAgent	WARN	TLS certificate errors will be ignored for this session
1630304346040	Marionette	INFO	Stopped listening on port 33077
JavaScript error: resource:///modules/Interactions.jsm, line 209: NS_ERROR_FAILURE: Component returned failure code: 0x80004005 (NS_ERROR_FAILURE) [nsIUserIdleService.removeIdleObserver]
1630304443327	geckodriver	INFO	Listening on 127.0.0.1:42745
1630304443331	mozrunner::runner	INFO	Running command: "/usr/bin/firefox" "--marionette" "-foreground" "-no-remote" "-profile" "/tmp/rust_mozprofileDDlioW"
1630304444356	Marionette	INFO	Marionette enabled
console.warn: SearchSettings: "get: No settings file exists, new profile?" (new NotFoundError("Could not open the file at /tmp/rust_mozprofileDDlioW/search.json.mozlz4", (void 0)))
1630304446129	Marionette	INFO	Listening on port 40231
1630304446415	RemoteAgent	WARN	TLS certificate errors will be ignored for this session
1630304449303	Marionette	INFO	Stopped listening on port 40231
JavaScript error: resource:///modules/Interactions.jsm, line 209: NS_ERROR_FAILURE: Component returned failure code: 0x80004005 (NS_ERROR_FAILURE) [nsIUserIdleService.removeIdleObserver]
console.error: services.settings: 
  main/doh-providers Signature failed  InvalidSignatureError: Invalid content signature (main/doh-providers)
console.error: services.settings: 
  main/doh-providers local data was corrupted
console.warn: services.settings: main/doh-providers Signature verified failed. Retry from scratch
console.error: services.settings: 
  main/doh-config Signature failed  InvalidSignatureError: Invalid content signature (main/doh-config)
console.error: services.settings: 
  main/doh-config local data was corrupted
console.warn: services.settings: main/doh-config Signature verified failed. Retry from scratch
1630304552925	geckodriver	INFO	Listening on 127.0.0.1:53091
1630304552929	mozrunner::runner	INFO	Running command: "/usr/bin/firefox" "--marionette" "-foreground" "-no-remote" "-profile" "/tmp/rust_mozprofileWpw9WE"
1630304554090	Marionette	INFO	Marionette enabled
console.warn: SearchSettings: "get: No settings file exists, new profile?" (new NotFoundError("Could not open the file at /tmp/rust_mozprofileWpw9WE/search.json.mozlz4", (void 0)))
1630304557347	Marionette	INFO	Listening on port 43621
1630304557444	RemoteAgent	WARN	TLS certificate errors will be ignored for this session
console.warn: LoginRecipes: "getRecipes: falling back to a synchronous message for:" "https://dyrk.org"
1630304653337	Marionette	INFO	Stopped listening on port 39785
JavaScript error: resource:///modules/Interactions.jsm, line 209: NS_ERROR_FAILURE: Component returned failure code: 0x80004005 (NS_ERROR_FAILURE) [nsIUserIdleService.removeIdleObserver]
1630304654869	Marionette	INFO	Stopped listening on port 43621
JavaScript error: resource:///modules/Interactions.jsm, line 209: NS_ERROR_FAILURE: Component returned failure code: 0x80004005 (NS_ERROR_FAILURE) [nsIUserIdleService.removeIdleObserver]

###!!! [Parent][RunMessage] Error: Channel closing: too late to send/recv, messages will be lost

1630304673740	geckodriver	INFO	Listening on 127.0.0.1:34443
1630304673744	mozrunner::runner	INFO	Running command: "/usr/bin/firefox" "--marionette" "-foreground" "-no-remote" "-profile" "/tmp/rust_mozprofileF6AcH3"
1630304674810	Marionette	INFO	Marionette enabled
console.warn: SearchSettings: "get: No settings file exists, new profile?" (new NotFoundError("Could not open the file at /tmp/rust_mozprofileF6AcH3/search.json.mozlz4", (void 0)))
1630304676462	Marionette	INFO	Listening on port 34567
1630304676543	RemoteAgent	WARN	TLS certificate errors will be ignored for this session
1630304683167	Marionette	INFO	Stopped listening on port 34567
JavaScript error: resource:///modules/Interactions.jsm, line 209: NS_ERROR_FAILURE: Component returned failure code: 0x80004005 (NS_ERROR_FAILURE) [nsIUserIdleService.removeIdleObserver]
1630304700650	geckodriver	INFO	Listening on 127.0.0.1:41727
1630304700655	mozrunner::runner	INFO	Running command: "/usr/bin/firefox" "--marionette" "-foreground" "-no-remote" "-profile" "/tmp/rust_mozprofileJcsb7H"
1630304701716	Marionette	INFO	Marionette enabled
console.warn: SearchSettings: "get: No settings file exists, new profile?" (new NotFoundError("Could not open the file at /tmp/rust_mozprofileJcsb7H/search.json.mozlz4", (void 0)))
1630304703522	Marionette	INFO	Listening on port 42361
1630304703629	RemoteAgent	WARN	TLS certificate errors will be ignored for this session
1630304708069	Marionette	INFO	Stopped listening on port 42361
JavaScript error: resource:///modules/Interactions.jsm, line 209: NS_ERROR_FAILURE: Component returned failure code: 0x80004005 (NS_ERROR_FAILURE) [nsIUserIdleService.removeIdleObserver]

###!!! [Parent][RunMessage] Error: Channel closing: too late to send/recv, messages will be lost

1630304715077	geckodriver	INFO	Listening on 127.0.0.1:56129
1630304715082	mozrunner::runner	INFO	Running command: "/usr/bin/firefox" "--marionette" "-foreground" "-no-remote" "-profile" "/tmp/rust_mozprofilei1vJkq"
1630304716125	Marionette	INFO	Marionette enabled
console.warn: SearchSettings: "get: No settings file exists, new profile?" (new NotFoundError("Could not open the file at /tmp/rust_mozprofilei1vJkq/search.json.mozlz4", (void 0)))
1630304718594	Marionette	INFO	Listening on port 33349
1630304718671	RemoteAgent	WARN	TLS certificate errors will be ignored for this session
1630304722116	Marionette	INFO	Stopped listening on port 33349
JavaScript error: resource:///modules/Interactions.jsm, line 209: NS_ERROR_FAILURE: Component returned failure code: 0x80004005 (NS_ERROR_FAILURE) [nsIUserIdleService.removeIdleObserver]

###!!! [Parent][RunMessage] Error: Channel closing: too late to send/recv, messages will be lost

1630304818843	geckodriver	INFO	Listening on 127.0.0.1:35967
1630304818848	mozrunner::runner	INFO	Running command: "/usr/bin/firefox" "--marionette" "-foreground" "-no-remote" "-profile" "/tmp/rust_mozprofilemNAlrF"
1630304819956	Marionette	INFO	Marionette enabled
console.warn: SearchSettings: "get: No settings file exists, new profile?" (new NotFoundError("Could not open the file at /tmp/rust_mozprofilemNAlrF/search.json.mozlz4", (void 0)))
1630304821568	Marionette	INFO	Listening on port 43101
1630304821637	RemoteAgent	WARN	TLS certificate errors will be ignored for this session
1630304826621	Marionette	INFO	Stopped listening on port 43101
JavaScript error: resource:///modules/Interactions.jsm, line 209: NS_ERROR_FAILURE: Component returned failure code: 0x80004005 (NS_ERROR_FAILURE) [nsIUserIdleService.removeIdleObserver]
1630305034070	geckodriver	INFO	Listening on 127.0.0.1:46875
1630305034079	mozrunner::runner	INFO	Running command: "/usr/bin/firefox" "--marionette" "-foreground" "-no-remote" "-profile" "/tmp/rust_mozprofilekoMJe4"
1630305035223	Marionette	INFO	Marionette enabled
console.warn: SearchSettings: "get: No settings file exists, new profile?" (new NotFoundError("Could not open the file at /tmp/rust_mozprofilekoMJe4/search.json.mozlz4", (void 0)))
1630305036767	Marionette	INFO	Listening on port 42791
1630305036891	RemoteAgent	WARN	TLS certificate errors will be ignored for this session
1630305046351	Marionette	INFO	Stopped listening on port 42791
JavaScript error: resource:///modules/Interactions.jsm, line 209: NS_ERROR_FAILURE: Component returned failure code: 0x80004005 (NS_ERROR_FAILURE) [nsIUserIdleService.removeIdleObserver]
1630305067436	geckodriver	INFO	Listening on 127.0.0.1:54495
1630305067443	mozrunner::runner	INFO	Running command: "/usr/bin/firefox" "--marionette" "-foreground" "-no-remote" "-profile" "/tmp/rust_mozprofileB4zsVg"
1630305068552	Marionette	INFO	Marionette enabled
console.warn: SearchSettings: "get: No settings file exists, new profile?" (new NotFoundError("Could not open the file at /tmp/rust_mozprofileB4zsVg/search.json.mozlz4", (void 0)))
1630305070066	Marionette	INFO	Listening on port 37767
1630305070190	RemoteAgent	WARN	TLS certificate errors will be ignored for this session
1630305217213	Marionette	INFO	Stopped listening on port 37767
JavaScript error: resource:///modules/Interactions.jsm, line 209: NS_ERROR_FAILURE: Component returned failure code: 0x80004005 (NS_ERROR_FAILURE) [nsIUserIdleService.removeIdleObserver]
JavaScript error: chrome://remote/content/marionette/cert.js, line 55: NS_ERROR_NOT_AVAILABLE: Component returned failure code: 0x80040111 (NS_ERROR_NOT_AVAILABLE) [nsICertOverrideService.setDisableAllSecurityChecksAndLetAttackersInterceptMyData]
1630305243074	geckodriver	INFO	Listening on 127.0.0.1:58221
1630305243080	mozrunner::runner	INFO	Running command: "/usr/bin/firefox" "--marionette" "-foreground" "-no-remote" "-profile" "/tmp/rust_mozprofile0Db79U"
1630305244114	Marionette	INFO	Marionette enabled
console.warn: SearchSettings: "get: No settings file exists, new profile?" (new NotFoundError("Could not open the file at /tmp/rust_mozprofile0Db79U/search.json.mozlz4", (void 0)))
1630305246030	Marionette	INFO	Listening on port 34193
1630305246111	RemoteAgent	WARN	TLS certificate errors will be ignored for this session
1630305249057	Marionette	INFO	Stopped listening on port 34193
JavaScript error: resource:///modules/Interactions.jsm, line 209: NS_ERROR_FAILURE: Component returned failure code: 0x80004005 (NS_ERROR_FAILURE) [nsIUserIdleService.removeIdleObserver]
JavaScript error: chrome://remote/content/marionette/cert.js, line 55: NS_ERROR_NOT_AVAILABLE: Component returned failure code: 0x80040111 (NS_ERROR_NOT_AVAILABLE) [nsICertOverrideService.setDisableAllSecurityChecksAndLetAttackersInterceptMyData]
1630305281989	geckodriver	INFO	Listening on 127.0.0.1:52633
1630305281993	mozrunner::runner	INFO	Running command: "/usr/bin/firefox" "--marionette" "-foreground" "-no-remote" "-profile" "/tmp/rust_mozprofileiSgTlO"
1630305283053	Marionette	INFO	Marionette enabled
console.warn: SearchSettings: "get: No settings file exists, new profile?" (new NotFoundError("Could not open the file at /tmp/rust_mozprofileiSgTlO/search.json.mozlz4", (void 0)))
1630305284625	Marionette	INFO	Listening on port 36583
1630305284726	RemoteAgent	WARN	TLS certificate errors will be ignored for this session
1630305287443	Marionette	INFO	Stopped listening on port 36583
JavaScript error: resource:///modules/Interactions.jsm, line 209: NS_ERROR_FAILURE: Component returned failure code: 0x80004005 (NS_ERROR_FAILURE) [nsIUserIdleService.removeIdleObserver]
JavaScript error: chrome://remote/content/marionette/cert.js, line 55: NS_ERROR_NOT_AVAILABLE: Component returned failure code: 0x80040111 (NS_ERROR_NOT_AVAILABLE) [nsICertOverrideService.setDisableAllSecurityChecksAndLetAttackersInterceptMyData]
1630305296143	geckodriver	INFO	Listening on 127.0.0.1:45651
1630305296151	mozrunner::runner	INFO	Running command: "/usr/bin/firefox" "--marionette" "-foreground" "-no-remote" "-profile" "/tmp/rust_mozprofileXrxnuk"
1630305297291	Marionette	INFO	Marionette enabled
console.warn: SearchSettings: "get: No settings file exists, new profile?" (new NotFoundError("Could not open the file at /tmp/rust_mozprofileXrxnuk/search.json.mozlz4", (void 0)))
1630305298992	Marionette	INFO	Listening on port 45343
1630305299118	RemoteAgent	WARN	TLS certificate errors will be ignored for this session
console.error: services.settings: 
  main/doh-providers Signature failed  InvalidSignatureError: Invalid content signature (main/doh-providers)
console.error: services.settings: 
  main/doh-providers local data was corrupted
console.warn: services.settings: main/doh-providers Signature verified failed. Retry from scratch
console.error: services.settings: 
  main/doh-config Signature failed  InvalidSignatureError: Invalid content signature (main/doh-config)
console.error: services.settings: 
  main/doh-config local data was corrupted
console.warn: services.settings: main/doh-config Signature verified failed. Retry from scratch
console.log: WebExtensions: reset-default-search: starting.
console.log: WebExtensions: reset-default-search: No addons in our list are installed.
1630307601155	Marionette	INFO	Stopped listening on port 45343
JavaScript error: resource:///modules/Interactions.jsm, line 209: NS_ERROR_FAILURE: Component returned failure code: 0x80004005 (NS_ERROR_FAILURE) [nsIUserIdleService.removeIdleObserver]
1631099735684	geckodriver	INFO	Listening on 127.0.0.1:53135
1631099736678	mozrunner::runner	INFO	Running command: "/usr/bin/firefox" "--marionette" "-foreground" "-no-remote" "-profile" "/tmp/rust_mozprofileOSSLbk"
1631099738063	Marionette	INFO	Marionette enabled
console.warn: SearchSettings: "get: No settings file exists, new profile?" (new NotFoundError("Could not open the file at /tmp/rust_mozprofileOSSLbk/search.json.mozlz4", (void 0)))
1631099740406	Marionette	INFO	Listening on port 44513
1631099740529	RemoteAgent	WARN	TLS certificate errors will be ignored for this session
1631099750146	Marionette	INFO	Stopped listening on port 44513
JavaScript error: resource:///modules/Interactions.jsm, line 209: NS_ERROR_FAILURE: Component returned failure code: 0x80004005 (NS_ERROR_FAILURE) [nsIUserIdleService.removeIdleObserver]

###!!! [Parent][RunMessage] Error: Channel closing: too late to send/recv, messages will be lost

