Unauthorized: /api/v1/contact/get_cities_by_province_id/
Unauthorized: /api/v1/contact/get_cities_by_province_id/
Unauthorized: /api/v1/reseller-port/
Unauthorized: /api/v1/reseller-port/
Unauthorized: /api/v1/reseller-port/
Unauthorized: /api/v1/reseller-port/
Unauthorized: /api/v1/reseller-port/
Unauthorized: /api/v1/reseller-port/
Unauthorized: /api/v1/reseller-port/
Unauthorized: /api/v1/contact/get_cities_by_province_id/
Not Found: /api/v1/contact/get_port_statuses/
Not Found: /api/v1/contact/portmap/
Not Found: /api/v1/contact/portmap/
Not Found: /api/v1/contact/portmap/
Not Found: /api/v1/contact/portmap/
Not Found: /api/v1/contact/portmap/
Not Found: /api/v1/contact/portmap/
Not Found: /api/v1/contact/portmap/
Not Found: /api/v1/contact/portmap/
Not Found: /api/v1/contact/portmap/
Not Found: /api/v1/contact/portmap/
Not Found: /api/v1/contact/portmap/
Not Found: /api/v1/contact/portmap/
Not Found: /api/v1/contact/portmap/
Not Found: /api/v1/contact/portmap/
Not Found: /api/v1/contact/portmap/
Not Found: /api/v1/contact/portmap/
Not Found: /api/v1/contact/portmap/
Not Found: /api/v1/contact/portmap/
Not Found: /api/v1/contact/portmap/
Not Found: /api/v1/contact/portmap/
Not Found: /api/v1/contact/portmap/
Not Found: /api/v1/contact/portmap/
Not Found: /api/v1/contact/portmap/
Not Found: /api/v1/contact/portmap/
Not Found: /api/v1/contact/portmap/
Not Found: /api/v1/contact/portmap/
Internal Server Error: /api/v1/dslam/get_interface_traffic_input/
Not Found: /api/v1/contact/portmap/
Not Found: /api/v1/contact/portmap/
Not Found: /api/v1/contact/portmap/
Not Found: /api/v1/contact/portmap/
Not Found: /api/v1/contact/portmap/
Not Found: /api/v1/contact/portmap/
Not Found: /api/v1/contact/portmap/
Not Found: /api/v1/contact/portmap/
Not Found: /api/v1/contact/portmap/
Not Found: /api/v1/contact/portmap/
Not Found: /api/v1/contact/portmap/
Not Found: /api/v1/contact/portmap/
Not Found: /api/v1/contact/portmap/
Not Found: /api/v1/contact/portmap/
Not Found: /api/v1/contact/portmap/
Not Found: /api/v1/contact/portmap/
Not Found: /api/v1/contact/portmap/
Not Found: /api/v1/contact/portmap/
Not Found: /api/v1/contact/portmap/
Not Found: /api/v1/contact/portmap/
Not Found: /api/v1/contact/portmap/
Not Found: /api/v1/contact/portmap/
Not Found: /api/v1/contact/portmap/
Not Found: /api/v1/contact/portmap/
Not Found: /api/v1/contact/portmap/
Not Found: /api/v1/contact/portmap/
